\BOOKMARK [1][-]{section.1}{\376\377\000I\000n\000t\000r\000o\000d\000u\000c\000t\000i\000o\000n}{}% 1
\BOOKMARK [2][-]{subsection.1.1}{\376\377\000P\000o\000u\000r\000\040\000l\000'\000i\000n\000s\000t\000a\000l\000l\000e\000r}{section.1}% 2
\BOOKMARK [2][-]{subsection.1.2}{\376\377\000P\000o\000u\000r\000\040\000l\000e\000\040\000m\000e\000t\000t\000r\000e\000\040\000\340\000\040\000j\000o\000u\000r}{section.1}% 3
\BOOKMARK [2][-]{subsection.1.3}{\376\377\000P\000o\000u\000r\000\040\000l\000e\000\040\000c\000h\000a\000r\000g\000e\000r}{section.1}% 4
\BOOKMARK [1][-]{section.2}{\376\377\000L\000e\000s\000\040\000f\000o\000n\000c\000t\000i\000o\000n\000s\000\040\000g\000r\000a\000p\000h\000i\000q\000u\000e\000s\000\040\000p\000o\000u\000r\000\040\000l\000e\000s\000\040\000a\000n\000a\000l\000y\000s\000e\000s\000\040\000u\000n\000i\000v\000a\000r\000i\000?\000e\000s}{}% 5
\BOOKMARK [2][-]{subsection.2.1}{\376\377\000U\000n\000\040\000f\000a\000c\000t\000e\000u\000r\000\040\000e\000t\000\040\000d\000e\000s\000\040\000b\000a\000r\000r\000e\000s\000\040\000d\000'\000e\000r\000r\000e\000u\000r\000\040\000a\000v\000e\000c\000\040\000l\000a\000\040\000f\000o\000n\000c\000t\000i\000o\000n\000\040\000b\000a\000r\000r\000e\000s\000.\000p\000l\000o\000t}{section.2}% 6
\BOOKMARK [2][-]{subsection.2.2}{\376\377\000P\000o\000u\000r\000\040\000r\000a\000j\000o\000u\000t\000e\000r\000\040\000l\000e\000s\000\040\000l\000e\000t\000t\000r\000e\000s\000\040\000d\000e\000s\000\040\000p\000o\000s\000t\000-\000h\000o\000c\000\040\000a\000v\000e\000c\000\040\000l\000a\000\040\000f\000o\000n\000c\000t\000i\000o\000n\000\040\000a\000n\000o\000v\000L\000e\000t\000t\000e\000r\000s}{section.2}% 7
\BOOKMARK [2][-]{subsection.2.3}{\376\377\000D\000e\000u\000x\000\040\000f\000a\000c\000t\000e\000u\000r\000s\000\040\000e\000t\000\040\000d\000e\000s\000\040\000b\000a\000r\000r\000e\000s\000\040\000d\000'\000e\000r\000r\000e\000u\000r\000\040\000a\000v\000e\000c\000\040\000l\000a\000\040\000f\000o\000n\000c\000t\000i\000o\000n\000\040\000b\000a\000r\000r\000e\000s\000.\000p\000l\000o\000t\000.\000b\000e\000s\000i\000d\000e}{section.2}% 8
\BOOKMARK [2][-]{subsection.2.4}{\376\377\000F\000a\000i\000r\000e\000\040\000u\000n\000\040\000t\000a\000b\000l\000e\000a\000u\000\040\000r\000?\000c\000a\000p\000i\000t\000u\000l\000a\000t\000i\000f\000\040\000a\000v\000e\000c\000\040\000T\000a\000b\000l\000e\000a\000u\000\137\000r\000e\000c\000a\000p}{section.2}% 9
\BOOKMARK [2][-]{subsection.2.5}{\376\377\000D\000e\000s\000\040\000s\000?\000r\000i\000e\000s\000\040\000t\000e\000m\000p\000o\000r\000e\000l\000l\000e\000s\000\040\000a\000v\000e\000c\000\040\000T\000i\000m\000e\000.\000f\000a\000c\000t\000o\000r\000.\000p\000l\000o\000t}{section.2}% 10
\BOOKMARK [2][-]{subsection.2.6}{\376\377\000D\000e\000s\000\040\000j\000o\000l\000i\000e\000s\000\040\000c\000o\000u\000l\000e\000u\000r\000s\000\040\000a\000v\000e\000c\000\040\000l\000e\000s\000\040\000f\000o\000n\000c\000t\000i\000o\000n\000s\000\040\000C\000o\000u\000l\000e\000u\000r\000\137\000c\000o\000n\000t\000i\000n\000u\000e\000\040\000e\000t\000\040\000m\000o\000d\000i\000f\000\137\000c\000o\000u\000l}{section.2}% 11
\BOOKMARK [2][-]{subsection.2.7}{\376\377\000D\000e\000s\000\040\000d\000i\000a\000g\000r\000a\000m\000m\000e\000s\000\040\000e\000n\000\040\000b\000a\000r\000r\000e\000s\000\040\000m\000a\000i\000s\000\040\000a\000v\000e\000c\000\040\000d\000e\000s\000\040\000p\000o\000i\000n\000t\000s\000\040\000a\000v\000e\000c\000\040\000p\000o\000i\000n\000t\000.\000p\000l\000o\000t}{section.2}% 12
\BOOKMARK [1][-]{section.3}{\376\377\000F\000o\000n\000c\000t\000i\000o\000n\000s\000\040\000g\000r\000a\000p\000h\000i\000q\000u\000e\000s\000\040\000p\000o\000u\000r\000\040\000l\000e\000s\000\040\000a\000n\000a\000l\000y\000s\000e\000s\000\040\000m\000u\000l\000t\000i\000v\000a\000r\000?\000e\000s}{}% 13
\BOOKMARK [2][-]{subsection.3.1}{\376\377\000L\000a\000\040\000f\000o\000n\000c\000t\000i\000o\000n\000\040\000m\000u\000l\000t\000i\000v\000a\000r\000.\000p\000o\000l\000y\000g}{section.3}% 14
\BOOKMARK [2][-]{subsection.3.2}{\376\377\000L\000a\000\040\000f\000o\000n\000c\000t\000i\000o\000n\000\040\000M\000u\000l\000t\000i\000D\000y\000n}{section.3}% 15
\BOOKMARK [2][-]{subsection.3.3}{\376\377\000L\000a\000\040\000f\000o\000n\000c\000t\000i\000o\000n\000\040\000b\000e\000t\000t\000e\000r\000\137\000a\000r\000r\000o\000w\000s}{section.3}% 16
\BOOKMARK [2][-]{subsection.3.4}{\376\377\000L\000a\000\040\000f\000o\000n\000c\000t\000i\000o\000n\000\040\000l\000a\000b\000e\000l\000.\000c\000o\000r\000V\0002}{section.3}% 17
\BOOKMARK [2][-]{subsection.3.5}{\376\377\000L\000a\000\040\000f\000o\000n\000c\000t\000i\000o\000n\000\040\000l\000a\000b\000e\000l\000.\000c\000o\000r\000D\000C\000A}{section.3}% 18
\BOOKMARK [2][-]{subsection.3.6}{\376\377\000L\000a\000\040\000f\000o\000n\000c\000t\000i\000o\000n\000\040\000l\000a\000b\000e\000l\000.\000c\000o\000r\000N\000M\000D\000S}{section.3}% 19
\BOOKMARK [1][-]{section.4}{\376\377\000P\000o\000u\000r\000\040\000d\000e\000\040\000l\000a\000\040\000m\000a\000n\000i\000p\000u\000l\000a\000t\000i\000o\000n\000\040\000d\000e\000\040\000d\000o\000n\000n\000\351\000e\000s}{}% 20
\BOOKMARK [2][-]{subsection.4.1}{\376\377\000L\000a\000\040\000f\000o\000n\000c\000t\000i\000o\000n\000\040\000B\000B\000t\000r\000a\000n\000s\000f}{section.4}% 21
\BOOKMARK [2][-]{subsection.4.2}{\376\377\000L\000a\000\040\000f\000o\000n\000c\000t\000i\000o\000n\000\040\000C\000l\000a\000s\000s\000e\000s\000\137\000d\000e\000f}{section.4}% 22
\BOOKMARK [2][-]{subsection.4.3}{\376\377\000L\000a\000\040\000f\000o\000n\000c\000t\000i\000o\000n\000\040\000c\000o\000m\000b\000i\000n\000.\000t\000a\000b}{section.4}% 23
\BOOKMARK [2][-]{subsection.4.4}{\376\377\000L\000a\000\040\000f\000o\000n\000c\000t\000i\000o\000n\000\040\000c\000o\000m\000b\000i\000n\000.\000t\000a\000b\000V\0000}{section.4}% 24
\BOOKMARK [1][-]{section.5}{\376\377\000P\000o\000u\000r\000\040\000d\000e\000s\000\040\000t\000?\000c\000h\000e\000s\000\040\000t\000r\000?\000s\000\040\000s\000p\000?\000c\000i\000f\000i\000q\000u\000e\000s\000\040\000:}{}% 25
\BOOKMARK [2][-]{subsection.5.1}{\376\377\000A\000u\000t\000o\000u\000r\000\040\000d\000e\000\040\000l\000'\000i\000n\000d\000i\000c\000e\000\040\000d\000e\000\040\000l\000'\000i\000n\000t\000e\000g\000r\000i\000t\000?\000\040\000d\000e\000\040\000l\000a\000\040\000s\000t\000r\000u\000c\000t\000u\000r\000e\000\040\000d\000e\000s\000\040\000c\000o\000m\000m\000u\000n\000a\000u\000t\000?\000s}{section.5}% 26
\BOOKMARK [2][-]{subsection.5.2}{\376\377\000L\000a\000\040\000f\000o\000n\000c\000t\000i\000o\000n\000\040\000C\000o\000m\000S\000t\000r\000u\000c\000t\000I\000n\000d\000i\000c\000e\000s}{section.5}% 27
\BOOKMARK [2][-]{subsection.5.3}{\376\377\000L\000a\000\040\000f\000o\000n\000c\000t\000i\000o\000n\000\040\000s\000t\000r\000u\000c\000t\000u\000r\000e\000.\000p\000l\000o\000t}{section.5}% 28
\BOOKMARK [2][-]{subsection.5.4}{\376\377\000L\000a\000\040\000f\000o\000n\000c\000t\000i\000o\000n\000\040\000s\000t\000r\000u\000c\000t\000u\000r\000e\000.\000p\000l\000o\000t\000V\0002}{section.5}% 29
\BOOKMARK [2][-]{subsection.5.5}{\376\377\000L\000a\000\040\000f\000o\000n\000c\000t\000i\000o\000n\000\040\000`\000`}{section.5}% 30
